<?xml version="1.0" encoding="utf-8"?><testsuites><testsuite errors="0" failures="0" hostname="Ramirez" name="pytest" skipped="0" tests="5" time="0.497" timestamp="2020-04-12T21:54:04.137548"><testcase classname="test_002.test_002" file="test_002.py" line="6" name="test_002" time="0.009"></testcase><testcase classname="test_002.test_002" file="test_002.py" line="13" name="test_003" time="0.003"></testcase><testcase classname="test_002.test_002" file="test_002.py" line="19" name="test_004" time="0.005"></testcase><testcase classname="test_002.test_002" file="test_002.py" line="30" name="test_005" time="0.003"></testcase><testcase classname="test_002.test_002" file="test_002.py" line="36" name="test_006" time="0.006"></testcase></testsuite></testsuites>